  Asteroid.cpp
  Enemy.cpp
C:\Users\hornedrat\Desktop\PORSIACA\Asteroids - Alexandre Fernandez\SDL\Enemy.cpp(13,17): warning C4244: 'inicializando': conversión de 'double' a 'float'; posible pérdida de datos
C:\Users\hornedrat\Desktop\PORSIACA\Asteroids - Alexandre Fernandez\SDL\Enemy.cpp(21,21): warning C4244: 'inicializando': conversión de 'double' a 'float'; posible pérdida de datos
  GameEngine.cpp
  GameObject.cpp
  GameplayScene.cpp
C:\Users\hornedrat\Desktop\PORSIACA\Asteroids - Alexandre Fernandez\SDL\GameplayScene.cpp(93,37): warning C4244: 'inicializando': conversión de 'double' a 'float'; posible pérdida de datos
  HighscoreManager.cpp
C:\Program Files\Microsoft Visual Studio\2022\Community\VC\Tools\MSVC\14.42.34433\include\filesystem(12): warning STL4038: The contents of <filesystem> are available only with C++17 or later.
  HighscoresScene.cpp
C:\Users\hornedrat\Desktop\PORSIACA\Asteroids - Alexandre Fernandez\SDL\HighscoresScene.cpp(24,32): warning C4244: 'argumento': conversión de 'int' a 'float'; posible pérdida de datos
  InputManager.cpp
  main.cpp
  MenuScenes.cpp
C:\Users\hornedrat\Desktop\PORSIACA\Asteroids - Alexandre Fernandez\SDL\MenuScenes.cpp(34,62): warning C4267: '=': conversión de 'size_t' a 'int'; posible pérdida de datos
  Projectile.cpp
C:\Users\hornedrat\Desktop\PORSIACA\Asteroids - Alexandre Fernandez\SDL\Projectile.cpp(14,19): warning C4244: 'inicializando': conversión de 'double' a 'float'; posible pérdida de datos
  Spaceship.cpp
C:\Users\hornedrat\Desktop\PORSIACA\Asteroids - Alexandre Fernandez\SDL\Spaceship.cpp(26,15): warning C4244: 'inicializando': conversión de 'double' a 'float'; posible pérdida de datos
  UIText.cpp
  Generando código...
  SDL.vcxproj -> C:\Users\hornedrat\Desktop\PORSIACA\Asteroids - Alexandre Fernandez\SDL\binaries\x64Debug\SDL.exe
  0 archivo(s) copiado(s)
  0 archivo(s) copiado(s)
  0 archivo(s) copiado(s)
  0 archivo(s) copiado(s)
  0 archivo(s) copiado(s)
